#
# There is insufficient memory for the Java Runtime Environment to continue.
# Native memory allocation (malloc) failed to allocate 166448 bytes for Chunk::new
# Possible reasons:
#   The system is out of physical RAM or swap space
#   In 32 bit mode, the process size limit was hit
# Possible solutions:
#   Reduce memory load on the system
#   Increase physical memory or swap space
#   Check if swap backing store is full
#   Use 64 bit Java on a 64 bit OS
#   Decrease Java heap size (-Xmx/-Xms)
#   Decrease number of Java threads
#   Decrease Java thread stack sizes (-Xss)
#   Set larger code cache with -XX:ReservedCodeCacheSize=
# This output file may be truncated or incomplete.
#
#  Out of Memory Error (allocation.cpp:390), pid=11672, tid=13772
#
# JRE version: Java(TM) SE Runtime Environment (8.0_66-b18) (build 1.8.0_66-b18)
# Java VM: Java HotSpot(TM) 64-Bit Server VM (25.66-b18 mixed mode windows-amd64 compressed oops)
# Failed to write core dump. Minidumps are not enabled by default on client versions of Windows
#

---------------  T H R E A D  ---------------

Current thread (0x0000000016f3e000):  JavaThread "C2 CompilerThread0" daemon [_thread_in_native, id=13772, stack(0x0000000018570000,0x0000000018670000)]

Stack: [0x0000000018570000,0x0000000018670000]
[error occurred during error reporting (printing stack bounds), id 0xc0000005]

Native frames: (J=compiled Java code, j=interpreted, Vv=VM code, C=native code)


Current CompileTask:
C2:   6255 3445       4       javafx.scene.Node::transformedBoundsChanged (43 bytes)


---------------  P R O C E S S  ---------------

Java Threads: ( => current thread )
  0x000000001e53c800 JavaThread "Prism Font Disposer" daemon [_thread_blocked, id=14272, stack(0x0000000021990000,0x0000000021a90000)]
  0x000000001e00d000 JavaThread "Keep-Alive-Timer" daemon [_thread_blocked, id=13404, stack(0x000000001fa10000,0x000000001fb10000)]
  0x000000001d88a800 JavaThread "Timer-0" [_thread_blocked, id=14140, stack(0x000000001e260000,0x000000001e360000)]
  0x000000001d8f0000 JavaThread "Thread-3" daemon [_thread_in_native, id=13448, stack(0x000000001e060000,0x000000001e160000)]
  0x000000001d874000 JavaThread "JavaFX-Launcher" [_thread_blocked, id=9316, stack(0x000000001e160000,0x000000001e260000)]
  0x0000000018c43800 JavaThread "JavaFX Application Thread" [_thread_in_Java, id=13792, stack(0x00000000191d0000,0x00000000192d0000)]
  0x0000000018c40800 JavaThread "Thread-1" daemon [_thread_blocked, id=13884, stack(0x00000000190d0000,0x00000000191d0000)]
  0x0000000018c1c000 JavaThread "QuantumRenderer-0" daemon [_thread_blocked, id=13532, stack(0x0000000018e70000,0x0000000018f70000)]
  0x00000000188a0800 JavaThread "Service Thread" daemon [_thread_blocked, id=13472, stack(0x0000000018c70000,0x0000000018d70000)]
  0x0000000016f43000 JavaThread "C1 CompilerThread2" daemon [_thread_in_native, id=13452, stack(0x0000000018770000,0x0000000018870000)]
  0x0000000016f40000 JavaThread "C2 CompilerThread1" daemon [_thread_in_native, id=13776, stack(0x0000000018670000,0x0000000018770000)]
=>0x0000000016f3e000 JavaThread "C2 CompilerThread0" daemon [_thread_in_native, id=13772, stack(0x0000000018570000,0x0000000018670000)]
  0x0000000016f3b000 JavaThread "Attach Listener" daemon [_thread_blocked, id=13500, stack(0x0000000018470000,0x0000000018570000)]
  0x0000000016f39800 JavaThread "Signal Dispatcher" daemon [_thread_blocked, id=13460, stack(0x0000000018370000,0x0000000018470000)]
  0x00000000023d6000 JavaThread "Finalizer" daemon [_thread_blocked, id=13504, stack(0x0000000018190000,0x0000000018290000)]
  0x00000000023cd000 JavaThread "Reference Handler" daemon [_thread_blocked, id=13740, stack(0x0000000018090000,0x0000000018190000)]
  0x00000000022e0800 JavaThread "main" [_thread_blocked, id=12552, stack(0x00000000021e0000,0x00000000022e0000)]

Other Threads:
  0x0000000016f08000 VMThread [stack: 0x0000000017f90000,0x0000000018090000] [id=13656]
  0x00000000188a1800 WatcherThread [stack: 0x0000000018d70000,0x0000000018e70000] [id=13732]

VM state:not at safepoint (normal execution)

VM Mutex/Monitor currently owned by a thread: None

Heap:
 PSYoungGen      total 71680K, used 63366K [0x00000000d5d00000, 0x00000000e4100000, 0x0000000100000000)
  eden space 66560K, 90% used [0x00000000d5d00000,0x00000000d97e9160,0x00000000d9e00000)
  from space 5120K, 59% used [0x00000000d9e00000,0x00000000da0f8988,0x00000000da300000)
  to   space 50176K, 0% used [0x00000000e1000000,0x00000000e1000000,0x00000000e4100000)
 ParOldGen       total 100352K, used 100132K [0x0000000081600000, 0x0000000087800000, 0x00000000d5d00000)
  object space 100352K, 99% used [0x0000000081600000,0x00000000877c9020,0x0000000087800000)
 Metaspace       used 21601K, capacity 22580K, committed 22912K, reserved 1069056K
  class space    used 2892K, capacity 3123K, committed 3200K, reserved 1048576K

Card table byte_map: [0x00000000117a0000,0x0000000011ba0000] byte_map_base: 0x0000000011395000

Marking Bits: (ParMarkBitMap*) 0x000000005d99a5b0
 Begin Bits: [0x0000000012250000, 0x00000000141f8000)
 End Bits:   [0x00000000141f8000, 0x00000000161a0000)

Polling page: 0x00000000001f0000

CodeCache: size=245760Kb used=10596Kb max_used=10870Kb free=235163Kb
 bounds [0x00000000023e0000, 0x0000000002e90000, 0x00000000113e0000]
 total_blobs=3870 nmethods=3159 adapters=622
 compilation: enabled

Compilation events (10 events):
Event: 6.252 Thread 0x0000000016f43000 nmethod 3470 0x00000000027b2990 code [0x00000000027b2b00, 0x00000000027b2d28]
Event: 6.252 Thread 0x0000000016f43000 3466       3       javafx.geometry.BoundingBox::<init> (20 bytes)
Event: 6.252 Thread 0x0000000016f43000 nmethod 3466 0x00000000027b5490 code [0x00000000027b5600, 0x00000000027b57a8]
Event: 6.252 Thread 0x0000000016f43000 3467       1       javafx.scene.text.Text$TextAttribute::access$1900 (5 bytes)
Event: 6.252 Thread 0x0000000016f43000 nmethod 3467 0x00000000027b51d0 code [0x00000000027b5320, 0x00000000027b5410]
Event: 6.252 Thread 0x0000000016f43000 3468       1       javafx.scene.text.Text$TextAttribute::access$2000 (5 bytes)
Event: 6.252 Thread 0x0000000016f43000 nmethod 3468 0x000000000280d990 code [0x000000000280dae0, 0x000000000280dbd0]
Event: 6.253 Thread 0x0000000016f43000 3472       3       javafx.scene.text.Text::getLogicalBounds (12 bytes)
Event: 6.253 Thread 0x0000000016f43000 nmethod 3472 0x00000000028107d0 code [0x0000000002810960, 0x0000000002810c78]
Event: 6.253 Thread 0x0000000016f43000 3475       3       javafx.scene.Node::setLayoutX (9 bytes)

GC Heap History (10 events):
Event: 1.919 GC heap before
{Heap before GC invocations=2 (full 0):
 PSYoungGen      total 38400K, used 38388K [0x00000000d5d00000, 0x00000000d8780000, 0x0000000100000000)
  eden space 33280K, 100% used [0x00000000d5d00000,0x00000000d7d80000,0x00000000d7d80000)
  from space 5120K, 99% used [0x00000000d7d80000,0x00000000d827d000,0x00000000d8280000)
  to   space 5120K, 0% used [0x00000000d8280000,0x00000000d8280000,0x00000000d8780000)
 ParOldGen       total 87552K, used 2532K [0x0000000081600000, 0x0000000086b80000, 0x00000000d5d00000)
  object space 87552K, 2% used [0x0000000081600000,0x0000000081879128,0x0000000086b80000)
 Metaspace       used 12532K, capacity 12962K, committed 13184K, reserved 1060864K
  class space    used 1420K, capacity 1589K, committed 1664K, reserved 1048576K
Event: 1.928 GC heap after
Heap after GC invocations=2 (full 0):
 PSYoungGen      total 38400K, used 5111K [0x00000000d5d00000, 0x00000000d8780000, 0x0000000100000000)
  eden space 33280K, 0% used [0x00000000d5d00000,0x00000000d5d00000,0x00000000d7d80000)
  from space 5120K, 99% used [0x00000000d8280000,0x00000000d877dd50,0x00000000d8780000)
  to   space 5120K, 0% used [0x00000000d7d80000,0x00000000d7d80000,0x00000000d8280000)
 ParOldGen       total 87552K, used 20494K [0x0000000081600000, 0x0000000086b80000, 0x00000000d5d00000)
  object space 87552K, 23% used [0x0000000081600000,0x0000000082a03908,0x0000000086b80000)
 Metaspace       used 12532K, capacity 12962K, committed 13184K, reserved 1060864K
  class space    used 1420K, capacity 1589K, committed 1664K, reserved 1048576K
}
Event: 2.518 GC heap before
{Heap before GC invocations=3 (full 0):
 PSYoungGen      total 38400K, used 38391K [0x00000000d5d00000, 0x00000000d8780000, 0x0000000100000000)
  eden space 33280K, 100% used [0x00000000d5d00000,0x00000000d7d80000,0x00000000d7d80000)
  from space 5120K, 99% used [0x00000000d8280000,0x00000000d877dd50,0x00000000d8780000)
  to   space 5120K, 0% used [0x00000000d7d80000,0x00000000d7d80000,0x00000000d8280000)
 ParOldGen       total 87552K, used 20494K [0x0000000081600000, 0x0000000086b80000, 0x00000000d5d00000)
  object space 87552K, 23% used [0x0000000081600000,0x0000000082a03908,0x0000000086b80000)
 Metaspace       used 12645K, capacity 13188K, committed 13440K, reserved 1060864K
  class space    used 1428K, capacity 1594K, committed 1664K, reserved 1048576K
Event: 2.528 GC heap after
Heap after GC invocations=3 (full 0):
 PSYoungGen      total 38400K, used 5117K [0x00000000d5d00000, 0x00000000da800000, 0x0000000100000000)
  eden space 33280K, 0% used [0x00000000d5d00000,0x00000000d5d00000,0x00000000d7d80000)
  from space 5120K, 99% used [0x00000000d7d80000,0x00000000d827f688,0x00000000d8280000)
  to   space 5120K, 0% used [0x00000000da300000,0x00000000da300000,0x00000000da800000)
 ParOldGen       total 87552K, used 37878K [0x0000000081600000, 0x0000000086b80000, 0x00000000d5d00000)
  object space 87552K, 43% used [0x0000000081600000,0x0000000083afd9f8,0x0000000086b80000)
 Metaspace       used 12645K, capacity 13188K, committed 13440K, reserved 1060864K
  class space    used 1428K, capacity 1594K, committed 1664K, reserved 1048576K
}
Event: 2.998 GC heap before
{Heap before GC invocations=4 (full 0):
 PSYoungGen      total 38400K, used 38149K [0x00000000d5d00000, 0x00000000da800000, 0x0000000100000000)
  eden space 33280K, 99% used [0x00000000d5d00000,0x00000000d7d420f8,0x00000000d7d80000)
  from space 5120K, 99% used [0x00000000d7d80000,0x00000000d827f688,0x00000000d8280000)
  to   space 5120K, 0% used [0x00000000da300000,0x00000000da300000,0x00000000da800000)
 ParOldGen       total 87552K, used 37878K [0x0000000081600000, 0x0000000086b80000, 0x00000000d5d00000)
  object space 87552K, 43% used [0x0000000081600000,0x0000000083afd9f8,0x0000000086b80000)
 Metaspace       used 12785K, capacity 13300K, committed 13440K, reserved 1060864K
  class space    used 1439K, capacity 1602K, committed 1664K, reserved 1048576K
Event: 3.006 GC heap after
Heap after GC invocations=4 (full 0):
 PSYoungGen      total 71680K, used 5116K [0x00000000d5d00000, 0x00000000da800000, 0x0000000100000000)
  eden space 66560K, 0% used [0x00000000d5d00000,0x00000000d5d00000,0x00000000d9e00000)
  from space 5120K, 99% used [0x00000000da300000,0x00000000da7ff3f0,0x00000000da800000)
  to   space 5120K, 0% used [0x00000000d9e00000,0x00000000d9e00000,0x00000000da300000)
 ParOldGen       total 87552K, used 54023K [0x0000000081600000, 0x0000000086b80000, 0x00000000d5d00000)
  object space 87552K, 61% used [0x0000000081600000,0x0000000084ac1ec8,0x0000000086b80000)
 Metaspace       used 12785K, capacity 13300K, committed 13440K, reserved 1060864K
  class space    used 1439K, capacity 1602K, committed 1664K, reserved 1048576K
}
Event: 4.657 GC heap before
{Heap before GC invocations=5 (full 0):
 PSYoungGen      total 71680K, used 71643K [0x00000000d5d00000, 0x00000000da800000, 0x0000000100000000)
  eden space 66560K, 99% used [0x00000000d5d00000,0x00000000d9df7810,0x00000000d9e00000)
  from space 5120K, 99% used [0x00000000da300000,0x00000000da7ff3f0,0x00000000da800000)
  to   space 5120K, 0% used [0x00000000d9e00000,0x00000000d9e00000,0x00000000da300000)
 ParOldGen       total 87552K, used 54023K [0x0000000081600000, 0x0000000086b80000, 0x00000000d5d00000)
  object space 87552K, 61% used [0x0000000081600000,0x0000000084ac1ec8,0x0000000086b80000)
 Metaspace       used 13498K, capacity 14080K, committed 14336K, reserved 1062912K
  class space    used 1504K, capacity 1678K, committed 1792K, reserved 1048576K
Event: 4.671 GC heap after
Heap after GC invocations=5 (full 0):
 PSYoungGen      total 71680K, used 5118K [0x00000000d5d00000, 0x00000000e4100000, 0x0000000100000000)
  eden space 66560K, 0% used [0x00000000d5d00000,0x00000000d5d00000,0x00000000d9e00000)
  from space 5120K, 99% used [0x00000000d9e00000,0x00000000da2ffaf8,0x00000000da300000)
  to   space 50176K, 0% used [0x00000000e1000000,0x00000000e1000000,0x00000000e4100000)
 ParOldGen       total 100352K, used 100134K [0x0000000081600000, 0x0000000087800000, 0x00000000d5d00000)
  object space 100352K, 99% used [0x0000000081600000,0x00000000877c9998,0x0000000087800000)
 Metaspace       used 13498K, capacity 14080K, committed 14336K, reserved 1062912K
  class space    used 1504K, capacity 1678K, committed 1792K, reserved 1048576K
}
Event: 4.671 GC heap before
{Heap before GC invocations=6 (full 1):
 PSYoungGen      total 71680K, used 5118K [0x00000000d5d00000, 0x00000000e4100000, 0x0000000100000000)
  eden space 66560K, 0% used [0x00000000d5d00000,0x00000000d5d00000,0x00000000d9e00000)
  from space 5120K, 99% used [0x00000000d9e00000,0x00000000da2ffaf8,0x00000000da300000)
  to   space 50176K, 0% used [0x00000000e1000000,0x00000000e1000000,0x00000000e4100000)
 ParOldGen       total 100352K, used 100134K [0x0000000081600000, 0x0000000087800000, 0x00000000d5d00000)
  object space 100352K, 99% used [0x0000000081600000,0x00000000877c9998,0x0000000087800000)
 Metaspace       used 13498K, capacity 14080K, committed 14336K, reserved 1062912K
  class space    used 1504K, capacity 1678K, committed 1792K, reserved 1048576K
Event: 4.718 GC heap after
Heap after GC invocations=6 (full 1):
 PSYoungGen      total 71680K, used 3042K [0x00000000d5d00000, 0x00000000e4100000, 0x0000000100000000)
  eden space 66560K, 0% used [0x00000000d5d00000,0x00000000d5d00000,0x00000000d9e00000)
  from space 5120K, 59% used [0x00000000d9e00000,0x00000000da0f8988,0x00000000da300000)
  to   space 50176K, 0% used [0x00000000e1000000,0x00000000e1000000,0x00000000e4100000)
 ParOldGen       total 100352K, used 100132K [0x0000000081600000, 0x0000000087800000, 0x00000000d5d00000)
  object space 100352K, 99% used [0x0000000081600000,0x00000000877c9020,0x0000000087800000)
 Metaspace       used 13498K, capacity 14080K, committed 14336K, reserved 1062912K
  class space    used 1504K, capacity 1678K, committed 1792K, reserved 1048576K
}

Deoptimization events (10 events):
Event: 5.695 Thread 0x0000000018c43800 Uncommon trap: reason=array_check action=maybe_recompile pc=0x000000000266b200 method=com.sun.javafx.css.SimpleSelector.applies(Ljavafx/css/Styleable;[Ljava/util/Set;I)Z @ 37
Event: 5.695 Thread 0x0000000018c43800 Uncommon trap: reason=array_check action=maybe_recompile pc=0x000000000266b200 method=com.sun.javafx.css.SimpleSelector.applies(Ljavafx/css/Styleable;[Ljava/util/Set;I)Z @ 37
Event: 5.696 Thread 0x0000000018c43800 Uncommon trap: reason=array_check action=maybe_recompile pc=0x000000000266b200 method=com.sun.javafx.css.SimpleSelector.applies(Ljavafx/css/Styleable;[Ljava/util/Set;I)Z @ 37
Event: 5.696 Thread 0x0000000018c43800 Uncommon trap: reason=array_check action=maybe_recompile pc=0x000000000266b200 method=com.sun.javafx.css.SimpleSelector.applies(Ljavafx/css/Styleable;[Ljava/util/Set;I)Z @ 37
Event: 5.789 Thread 0x0000000018c43800 Uncommon trap: reason=unstable_if action=reinterpret pc=0x0000000002ca76a8 method=jdk.internal.org.objectweb.asm.Type.getArgumentsAndReturnSizes(Ljava/lang/String;)I @ 47
Event: 5.874 Thread 0x0000000018c1c000 Uncommon trap: reason=class_check action=maybe_recompile pc=0x0000000002b97e14 method=java.io.BufferedInputStream.read1([BII)I @ 39
Event: 5.875 Thread 0x0000000018c1c000 Uncommon trap: reason=unstable_if action=reinterpret pc=0x0000000002b97b8c method=java.io.BufferedInputStream.fill()V @ 219
Event: 6.057 Thread 0x0000000018c1c000 Uncommon trap: reason=class_check action=maybe_recompile pc=0x0000000002ac83e8 method=java.io.BufferedInputStream.read1([BII)I @ 39
Event: 6.057 Thread 0x0000000018c1c000 Uncommon trap: reason=unstable_if action=reinterpret pc=0x0000000002ac8310 method=java.io.BufferedInputStream.fill()V @ 219
Event: 6.157 Thread 0x0000000018c43800 Uncommon trap: reason=unstable_if action=reinterpret pc=0x0000000002ac46f4 method=java.io.WinNTFileSystem.normalize(Ljava/lang/String;)Ljava/lang/String; @ 128

Internal exceptions (10 events):
Event: 5.317 Thread 0x0000000018c43800 Implicit null exception at 0x0000000002bc02b8 to 0x0000000002bc049d
Event: 5.317 Thread 0x0000000018c43800 Implicit null exception at 0x0000000002917c8c to 0x0000000002917cfd
Event: 5.326 Thread 0x0000000018c43800 Exception <a 'java/io/FileNotFoundException'> (0x00000000d8095248) thrown at [C:\re\workspace\8-2-build-windows-amd64-cygwin\jdk8u66\5298\hotspot\src\share\vm\prims\jni.cpp, line 709]
Event: 5.566 Thread 0x0000000018c43800 Implicit null exception at 0x0000000002c50a26 to 0x0000000002c50a7d
Event: 5.597 Thread 0x0000000018c43800 Exception <a 'java/io/FileNotFoundException'> (0x00000000d86998a0) thrown at [C:\re\workspace\8-2-build-windows-amd64-cygwin\jdk8u66\5298\hotspot\src\share\vm\prims\jni.cpp, line 709]
Event: 5.606 Thread 0x0000000018c43800 Exception <a 'java/io/FileNotFoundException'> (0x00000000d86e6250) thrown at [C:\re\workspace\8-2-build-windows-amd64-cygwin\jdk8u66\5298\hotspot\src\share\vm\prims\jni.cpp, line 709]
Event: 6.215 Thread 0x0000000018c43800 Exception <a 'java/io/FileNotFoundException'> (0x00000000d92ab758) thrown at [C:\re\workspace\8-2-build-windows-amd64-cygwin\jdk8u66\5298\hotspot\src\share\vm\prims\jni.cpp, line 709]
Event: 6.215 Thread 0x0000000018c43800 Exception <a 'java/io/FileNotFoundException'> (0x00000000d92aca90) thrown at [C:\re\workspace\8-2-build-windows-amd64-cygwin\jdk8u66\5298\hotspot\src\share\vm\prims\jni.cpp, line 709]
Event: 6.215 Thread 0x0000000018c43800 Exception <a 'java/io/FileNotFoundException'> (0x00000000d92add88) thrown at [C:\re\workspace\8-2-build-windows-amd64-cygwin\jdk8u66\5298\hotspot\src\share\vm\prims\jni.cpp, line 709]
Event: 6.215 Thread 0x0000000018c43800 Exception <a 'java/io/FileNotFoundException'> (0x00000000d92af018) thrown at [C:\re\workspace\8-2-build-windows-amd64-cygwin\jdk8u66\5298\hotspot\src\share\vm\prims\jni.cpp, line 709]

Events (10 events):
Event: 6.197 Thread 0x0000000016f43000 flushing nmethod 0x0000000002a89b50
Event: 6.197 Thread 0x0000000016f43000 flushing nmethod 0x0000000002a8a050
Event: 6.201 loading class java/lang/Throwable$WrappedPrintStream
Event: 6.201 loading class java/lang/Throwable$PrintStreamOrWriter
Event: 6.201 loading class java/lang/Throwable$PrintStreamOrWriter done
Event: 6.201 loading class java/lang/Throwable$WrappedPrintStream done
Event: 6.201 loading class java/util/IdentityHashMap$KeySet
Event: 6.201 loading class java/util/IdentityHashMap$KeySet done
Event: 6.203 Executing VM operation: RevokeBias
Event: 6.203 Executing VM operation: RevokeBias done


Dynamic libraries:
0x00007ff7608f0000 - 0x00007ff760927000 	C:\Program Files\Java\jre1.8.0_66\bin\javaw.exe
0x00007ffb0c120000 - 0x00007ffb0c2e1000 	C:\WINDOWS\SYSTEM32\ntdll.dll
0x00007ffb0bf90000 - 0x00007ffb0c03d000 	C:\WINDOWS\system32\KERNEL32.DLL
0x00007ffb08860000 - 0x00007ffb08a48000 	C:\WINDOWS\system32\KERNELBASE.dll
0x00007ffb0bbe0000 - 0x00007ffb0bc87000 	C:\WINDOWS\system32\ADVAPI32.dll
0x00007ffb0bef0000 - 0x00007ffb0bf8d000 	C:\WINDOWS\system32\msvcrt.dll
0x00007ffb0c0c0000 - 0x00007ffb0c11b000 	C:\WINDOWS\system32\sechost.dll
0x00007ffb09c70000 - 0x00007ffb09d8c000 	C:\WINDOWS\system32\RPCRT4.dll
0x00007ffb09520000 - 0x00007ffb09676000 	C:\WINDOWS\system32\USER32.dll
0x00007ffb0a030000 - 0x00007ffb0a1b6000 	C:\WINDOWS\system32\GDI32.dll
0x00007ffafb260000 - 0x00007ffafb4d4000 	C:\WINDOWS\WinSxS\amd64_microsoft.windows.common-controls_6595b64144ccf1df_6.0.10586.0_none_8c15ae12515e1c22\COMCTL32.dll
0x00007ffb0a320000 - 0x00007ffb0a59d000 	C:\WINDOWS\system32\combase.dll
0x00007ffb09400000 - 0x00007ffb0946a000 	C:\WINDOWS\system32\bcryptPrimitives.dll
0x00007ffb0be40000 - 0x00007ffb0be7b000 	C:\WINDOWS\system32\IMM32.DLL
0x000000005d080000 - 0x000000005d152000 	C:\Program Files\Java\jre1.8.0_66\bin\msvcr100.dll
0x000000005d190000 - 0x000000005da19000 	C:\Program Files\Java\jre1.8.0_66\bin\server\jvm.dll
0x00007ffb09ab0000 - 0x00007ffb09ab8000 	C:\WINDOWS\system32\PSAPI.DLL
0x00007ffafc700000 - 0x00007ffafc70a000 	C:\WINDOWS\SYSTEM32\VERSION.dll
0x00007ffafab90000 - 0x00007ffafab99000 	C:\WINDOWS\SYSTEM32\WSOCK32.dll
0x00007ffb06d00000 - 0x00007ffb06d23000 	C:\WINDOWS\SYSTEM32\WINMM.dll
0x00007ffb0be80000 - 0x00007ffb0beeb000 	C:\WINDOWS\system32\WS2_32.dll
0x0000000002130000 - 0x000000000215c000 	C:\WINDOWS\SYSTEM32\WINMMBASE.dll
0x00007ffb09290000 - 0x00007ffb092d3000 	C:\WINDOWS\system32\cfgmgr32.dll
0x000000005dc60000 - 0x000000005dc6f000 	C:\Program Files\Java\jre1.8.0_66\bin\verify.dll
0x000000005dc30000 - 0x000000005dc59000 	C:\Program Files\Java\jre1.8.0_66\bin\java.dll
0x000000005dc10000 - 0x000000005dc26000 	C:\Program Files\Java\jre1.8.0_66\bin\zip.dll
0x00007ffb0a5a0000 - 0x00007ffb0baff000 	C:\WINDOWS\system32\SHELL32.dll
0x00007ffb08a50000 - 0x00007ffb09094000 	C:\WINDOWS\system32\windows.storage.dll
0x00007ffb0bb80000 - 0x00007ffb0bbd2000 	C:\WINDOWS\system32\shlwapi.dll
0x00007ffb08740000 - 0x00007ffb0874f000 	C:\WINDOWS\system32\kernel.appcore.dll
0x00007ffb092e0000 - 0x00007ffb09395000 	C:\WINDOWS\system32\shcore.dll
0x00007ffb08750000 - 0x00007ffb0879b000 	C:\WINDOWS\system32\powrprof.dll
0x00007ffb087a0000 - 0x00007ffb087b4000 	C:\WINDOWS\system32\profapi.dll
0x00007ffaf7400000 - 0x00007ffaf74ef000 	C:\Program Files\Java\jre1.8.0_66\bin\msvcr120.dll
0x00007ffaf7350000 - 0x00007ffaf73f6000 	C:\Program Files\Java\jre1.8.0_66\bin\msvcp120.dll
0x000000005d050000 - 0x000000005d073000 	C:\Program Files\Java\jre1.8.0_66\bin\prism_d3d.dll
0x00007ffaf4b20000 - 0x00007ffaf4d30000 	C:\WINDOWS\system32\d3d9.dll
0x00007ffb05ce0000 - 0x00007ffb05d02000 	C:\WINDOWS\SYSTEM32\dwmapi.dll
0x00007ffb07010000 - 0x00007ffb070a6000 	C:\WINDOWS\system32\uxtheme.dll
0x00007ffacd7a0000 - 0x00007ffacfa6f000 	C:\WINDOWS\SYSTEM32\igdumdim64.dll
0x00007ffb09680000 - 0x00007ffb09aa9000 	C:\WINDOWS\system32\SETUPAPI.dll
0x00007ffb09f60000 - 0x00007ffb0a021000 	C:\WINDOWS\system32\OLEAUT32.dll
0x00007ffb09ac0000 - 0x00007ffb09c03000 	C:\WINDOWS\system32\ole32.dll
0x000000005d000000 - 0x000000005d043000 	C:\Program Files\Java\jre1.8.0_66\bin\glass.dll
0x00007ffb09e50000 - 0x00007ffb09f5b000 	C:\WINDOWS\system32\COMDLG32.dll
0x00007ffb087d0000 - 0x00007ffb08856000 	C:\WINDOWS\system32\FirewallAPI.dll
0x00007ffb090a0000 - 0x00007ffb090b7000 	C:\WINDOWS\system32\NETAPI32.dll
0x00007ffaeea90000 - 0x00007ffaeea9c000 	C:\WINDOWS\SYSTEM32\DAVHLPR.DLL
0x00007ffb074c0000 - 0x00007ffb074f2000 	C:\WINDOWS\SYSTEM32\fwbase.dll
0x00007ffb0a1c0000 - 0x00007ffb0a31a000 	C:\WINDOWS\system32\MSCTF.dll
0x00007ffaf4510000 - 0x00007ffaf45b3000 	C:\Program Files\Common Files\microsoft shared\ink\tiptsf.dll
0x00007ffb013b0000 - 0x00007ffb01da1000 	C:\WINDOWS\SYSTEM32\igdusc64.dll
0x000000005dbf0000 - 0x000000005dc0a000 	C:\Program Files\Java\jre1.8.0_66\bin\net.dll
0x00007ffb08070000 - 0x00007ffb080cc000 	C:\WINDOWS\system32\mswsock.dll
0x000000005dbd0000 - 0x000000005dbe1000 	C:\Program Files\Java\jre1.8.0_66\bin\nio.dll
0x000000005cfd0000 - 0x000000005cff3000 	C:\Program Files\Java\jre1.8.0_66\bin\javafx_iio.dll
0x00007ffb071b0000 - 0x00007ffb0725a000 	C:\WINDOWS\SYSTEM32\DNSAPI.dll
0x00007ffb09e40000 - 0x00007ffb09e48000 	C:\WINDOWS\system32\NSI.dll
0x0000000063560000 - 0x0000000063569000 	C:\Program Files\National Instruments\Shared\mDNS Responder\nimdnsNSP.dll
0x0000000063550000 - 0x000000006355e000 	C:\WINDOWS\SYSTEM32\nimdnsResponder.dll
0x000000005e720000 - 0x000000005e7c3000 	C:\WINDOWS\WinSxS\amd64_microsoft.vc90.crt_1fc8b3b9a1e18e3b_9.0.30729.9177_none_08e695a3a83b6ce3\MSVCR90.dll
0x00007ffb05150000 - 0x00007ffb05188000 	C:\WINDOWS\SYSTEM32\Iphlpapi.DLL
0x00007ffafc190000 - 0x00007ffafc19a000 	C:\Windows\System32\rasadhlp.dll
0x00007ffb03070000 - 0x00007ffb030d7000 	C:\WINDOWS\System32\fwpuclnt.dll
0x00007ffb08340000 - 0x00007ffb08369000 	C:\WINDOWS\SYSTEM32\bcrypt.dll
0x000000005cfb0000 - 0x000000005cfc4000 	C:\Program Files\Java\jre1.8.0_66\bin\javafx_font.dll
0x00007ffaf8680000 - 0x00007ffaf88e0000 	C:\WINDOWS\SYSTEM32\dwrite.dll
0x00007ffb09d90000 - 0x00007ffb09e37000 	C:\WINDOWS\system32\clbcatq.dll
0x00007ffb040b0000 - 0x00007ffb04261000 	C:\WINDOWS\SYSTEM32\WindowsCodecs.dll
0x00007ffaef2b0000 - 0x00007ffaef2fa000 	C:\WINDOWS\system32\dataexchange.dll
0x00007ffb06630000 - 0x00007ffb06713000 	C:\WINDOWS\system32\dcomp.dll
0x00007ffb05a30000 - 0x00007ffb05cd8000 	C:\WINDOWS\system32\d3d11.dll
0x00007ffb05750000 - 0x00007ffb057f2000 	C:\WINDOWS\system32\dxgi.dll
0x00007ffb07260000 - 0x00007ffb07360000 	C:\WINDOWS\system32\twinapi.appcore.dll
0x00007ffafbe20000 - 0x00007ffafbe54000 	C:\Program Files\Common Files\Microsoft Shared\Ink\rtscom.dll
0x00007ffafb0d0000 - 0x00007ffafb22c000 	C:\Windows\System32\uiautomationcore.dll
0x00007ffb07f00000 - 0x00007ffb07f1f000 	C:\Windows\System32\USERENV.dll
0x00007ffb08600000 - 0x00007ffb08699000 	C:\WINDOWS\SYSTEM32\sxs.dll
0x00007ffafcbb0000 - 0x00007ffafcc1a000 	C:\WINDOWS\SYSTEM32\OLEACC.dll
0x000000005cf90000 - 0x000000005cfa1000 	C:\Program Files\Java\jre1.8.0_66\bin\prism_common.dll

VM Arguments:
jvm_args: -Dfile.encoding=Cp1252 
java_command: app.musicplayer.MusicPlayer
java_class_path (initial): C:\Users\Mpmar\Documents\Java\MusicPlayer\bin;C:\Users\Mpmar\Documents\Java\MusicPlayer\jaudiotagger-2.2.5.jar
Launcher Type: SUN_STANDARD

Environment Variables:
PATH=C:/Program Files/Java/jre1.8.0_66/bin/server;C:/Program Files/Java/jre1.8.0_66/bin;C:/Program Files/Java/jre1.8.0_66/lib/amd64;C:\ProgramData\Oracle\Java\javapath;C:\Program Files (x86)\Intel\iCLS Client\;C:\Program Files\Intel\iCLS Client\;C:\WINDOWS\system32;C:\WINDOWS;C:\WINDOWS\System32\Wbem;C:\WINDOWS\System32\WindowsPowerShell\v1.0\;C:\Program Files (x86)\Intel\Intel(R) Management Engine Components\DAL;C:\Program Files\Intel\Intel(R) Management Engine Components\DAL;C:\Program Files (x86)\Intel\Intel(R) Management Engine Components\IPT;C:\Program Files\Intel\Intel(R) Management Engine Components\IPT;c:\Program Files\Intel\WiFi\bin\;c:\Program Files\Common Files\Intel\WirelessCommon\;c:\Program Files\Java\jdk1.8.0_60\bin;C:\Program Files (x86)\PharosSystems\Core;C:\Program Files\MATLAB\R2015b\bin;C:\WINDOWS\system32\config\systemprofile\.dnx\bin;C:\Program Files\Microsoft DNX\Dnvm\;c:\Program Files\Intel\WiFi\bin\;c:\Program Files\Common Files\Intel\WirelessCommon\;C:\Modeltech_pe_edu_10.4a\win32pe_edu;C:\WINDOWS\system32;
USERNAME=Mpmar
OS=Windows_NT
PROCESSOR_IDENTIFIER=Intel64 Family 6 Model 61 Stepping 4, GenuineIntel



---------------  S Y S T E M  ---------------

OS: Windows 10.0 , 64 bit Build 10586 (10.0.10586.0)

CPU:total 4 (2 cores per cpu, 2 threads per core) family 6 model 61 stepping 4, cmov, cx8, fxsr, mmx, sse, sse2, sse3, ssse3, sse4.1, sse4.2, popcnt, avx, avx2, aes, clmul, erms, 3dnowpref, lzcnt, ht, tsc, tscinvbit, bmi1, bmi2, adx

Memory: 4k page, physical 8293924k(2569268k free), swap 33459748k(5412k free)

vm_info: Java HotSpot(TM) 64-Bit Server VM (25.66-b18) for windows-amd64 JRE (1.8.0_66-b18), built on Nov  9 2015 10:51:13 by "java_re" with MS VC++ 10.0 (VS2010)

time: Tue Dec 22 20:09:30 2015
elapsed time: 6 seconds (0d 0h 0m 6s)

